Using pre-set license
Built from '2020.3/staging' branch; Version is '2020.3.6f1 (338bb68529b2) revision 3378102'; Using compiler version '192528614'; Build Type 'Release'
OS: 'Windows 10 Home; OS build 19041.1052; Version 2004; 64bit' Language: 'ja' Physical Memory: 16198 MB
BatchMode: 1, IsHumanControllingUs: 0, StartBugReporterOnCrash: 0, Is64bit: 1, IsPro: 0

 COMMAND LINE ARGUMENTS:
C:\Program Files\Unity\Hub\Editor\2020.3.6f1\Editor\Unity.exe
-adb2
-batchMode
-noUpm
-name
AssetImportWorker0
-projectPath
C:/Users/kgrow/Mushoot/music-action-game
-logFile
Logs/AssetImportWorker0.log
-srvPort
50718
Successfully changed project path to: C:/Users/kgrow/Mushoot/music-action-game
C:/Users/kgrow/Mushoot/music-action-game
Using Asset Import Pipeline V2.
Refreshing native plugins compatible for Editor in 83.10 ms, found 0 plugins.
Preloading 0 native plugins for Editor in 0.00 ms.
Initialize engine version: 2020.3.6f1 (338bb68529b2)
[Subsystems] Discovering subsystems at path C:/Program Files/Unity/Hub/Editor/2020.3.6f1/Editor/Data/Resources/UnitySubsystems
[Subsystems] Discovering subsystems at path C:/Users/kgrow/Mushoot/music-action-game/Assets
GfxDevice: creating device client; threaded=0
Direct3D:
    Version:  Direct3D 11.0 [level 11.1]
    Renderer: Intel(R) UHD Graphics 620 (ID=0x3ea0)
    Vendor:   
    VRAM:     8099 MB
    Driver:   27.20.100.8935
Initialize mono
Mono path[0] = 'C:/Program Files/Unity/Hub/Editor/2020.3.6f1/Editor/Data/Managed'
Mono path[1] = 'C:/Program Files/Unity/Hub/Editor/2020.3.6f1/Editor/Data/MonoBleedingEdge/lib/mono/unityjit'
Mono config path = 'C:/Program Files/Unity/Hub/Editor/2020.3.6f1/Editor/Data/MonoBleedingEdge/etc'
Using monoOptions --debugger-agent=transport=dt_socket,embedding=1,server=y,suspend=n,address=127.0.0.1:56148
Begin MonoManager ReloadAssembly
Registering precompiled unity dll's ...
Register platform support module: C:/Program Files/Unity/Hub/Editor/2020.3.6f1/Editor/Data/PlaybackEngines/WebGLSupport/UnityEditor.WebGL.Extensions.dll
Register platform support module: C:/Program Files/Unity/Hub/Editor/2020.3.6f1/Editor/Data/PlaybackEngines/WindowsStandaloneSupport/UnityEditor.WindowsStandalone.Extensions.dll
Register platform support module: C:/Program Files/Unity/Hub/Editor/2020.3.6f1/Editor/Data/PlaybackEngines/LinuxStandaloneSupport/UnityEditor.LinuxStandalone.Extensions.dll
Registered in 0.007561 seconds.
Native extension for LinuxStandalone target not found
Native extension for WindowsStandalone target not found
Native extension for WebGL target not found
Refreshing native plugins compatible for Editor in 76.07 ms, found 0 plugins.
Preloading 0 native plugins for Editor in 0.00 ms.
Mono: successfully reloaded assembly
- Completed reload, in  5.365 seconds
Platform modules already initialized, skipping
Registering precompiled user dll's ...
Registered in 0.001947 seconds.
Begin MonoManager ReloadAssembly
Native extension for LinuxStandalone target not found
Native extension for WindowsStandalone target not found
Native extension for WebGL target not found
Refreshing native plugins compatible for Editor in 0.32 ms, found 0 plugins.
Preloading 0 native plugins for Editor in 0.00 ms.
Mono: successfully reloaded assembly
- Completed reload, in  1.906 seconds
Platform modules already initialized, skipping
========================================================================
Worker process is ready to serve import requests
Launched and connected shader compiler UnityShaderCompiler.exe after 0.11 seconds
Refreshing native plugins compatible for Editor in 0.38 ms, found 0 plugins.
Preloading 0 native plugins for Editor in 0.00 ms.
Unloading 1120 Unused Serialized files (Serialized files now loaded: 0)
System memory in use before: 60.0 MB.
System memory in use after: 60.1 MB.

Unloading 10 unused Assets to reduce memory usage. Loaded Objects now: 1563.
Total: 3.798700 ms (FindLiveObjects: 0.286200 ms CreateObjectMapping: 0.099700 ms MarkObjects: 3.265100 ms  DeleteObjects: 0.145300 ms)

========================================================================
Received Import Request.
  path: Assets/Scenes
  artifactKey: Guid(31911452c28d8e0488dbd90c7e8f9e1e) Importer(815301076,1909f56bfc062723c751e8b465ee728b)
Start importing Assets/Scenes using Guid(31911452c28d8e0488dbd90c7e8f9e1e) Importer(815301076,1909f56bfc062723c751e8b465ee728b)  -> (artifact id: 'a28f05feaabab57b886184c4718373fb') in 0.033201 seconds
  Import took 0.038890 seconds .

========================================================================
Received Import Request.
  Time since last request: 6.382471 seconds.
  path: Assets/Scripts/sample/bar4.cs
  artifactKey: Guid(1dbe1c0e353223348b6e5d46eb418739) Importer(815301076,1909f56bfc062723c751e8b465ee728b)
Start importing Assets/Scripts/sample/bar4.cs using Guid(1dbe1c0e353223348b6e5d46eb418739) Importer(815301076,1909f56bfc062723c751e8b465ee728b)  -> (artifact id: 'b4f97326068791ba7c2851dfb75714de') in 0.036908 seconds
  Import took 0.038948 seconds .

========================================================================
Received Import Request.
  Time since last request: 0.000787 seconds.
  path: Assets/Scripts/sample/bar4.cs
  artifactKey: Guid(1dbe1c0e353223348b6e5d46eb418739) Importer(815301076,1909f56bfc062723c751e8b465ee728b)
Start importing Assets/Scripts/sample/bar4.cs using Guid(1dbe1c0e353223348b6e5d46eb418739) Importer(815301076,1909f56bfc062723c751e8b465ee728b)  -> (artifact id: 'b4f97326068791ba7c2851dfb75714de') in 0.003524 seconds
  Import took 0.005421 seconds .

========================================================================
Received Prepare
Refreshing native plugins compatible for Editor in 1.15 ms, found 0 plugins.
Preloading 0 native plugins for Editor in 0.00 ms.
Unloading 3 Unused Serialized files (Serialized files now loaded: 0)
System memory in use before: 37.7 MB.
System memory in use after: 37.8 MB.

Unloading 4 unused Assets to reduce memory usage. Loaded Objects now: 1562.
Total: 2.108400 ms (FindLiveObjects: 0.123100 ms CreateObjectMapping: 0.037200 ms MarkObjects: 1.895300 ms  DeleteObjects: 0.051600 ms)

========================================================================
Received Prepare
Registering precompiled user dll's ...
Registered in 0.000718 seconds.
Begin MonoManager ReloadAssembly
Native extension for LinuxStandalone target not found
Native extension for WindowsStandalone target not found
Native extension for WebGL target not found
Refreshing native plugins compatible for Editor in 0.34 ms, found 0 plugins.
Preloading 0 native plugins for Editor in 0.00 ms.
Mono: successfully reloaded assembly
- Completed reload, in  1.539 seconds
Platform modules already initialized, skipping
Refreshing native plugins compatible for Editor in 0.36 ms, found 0 plugins.
Preloading 0 native plugins for Editor in 0.00 ms.
Unloading 1114 Unused Serialized files (Serialized files now loaded: 0)
System memory in use before: 59.9 MB.
System memory in use after: 60.0 MB.

Unloading 5 unused Assets to reduce memory usage. Loaded Objects now: 1565.
Total: 4.786300 ms (FindLiveObjects: 0.418700 ms CreateObjectMapping: 0.112200 ms MarkObjects: 4.147100 ms  DeleteObjects: 0.105700 ms)

========================================================================
Received Import Request.
  Time since last request: 80.517338 seconds.
  path: Assets/Scripts/sample/bar2.cs
  artifactKey: Guid(1ed507af79681aa4b86ac70f8beaa432) Importer(815301076,1909f56bfc062723c751e8b465ee728b)
Start importing Assets/Scripts/sample/bar2.cs using Guid(1ed507af79681aa4b86ac70f8beaa432) Importer(815301076,1909f56bfc062723c751e8b465ee728b)  -> (artifact id: '2225740fa4869c081aac711c652742e4') in 0.053692 seconds
  Import took 0.056312 seconds .

========================================================================
Received Import Request.
  Time since last request: 0.005954 seconds.
  path: Assets/Scripts/sample/bar2.cs
  artifactKey: Guid(1ed507af79681aa4b86ac70f8beaa432) Importer(815301076,1909f56bfc062723c751e8b465ee728b)
Start importing Assets/Scripts/sample/bar2.cs using Guid(1ed507af79681aa4b86ac70f8beaa432) Importer(815301076,1909f56bfc062723c751e8b465ee728b)  -> (artifact id: '2225740fa4869c081aac711c652742e4') in 0.002820 seconds
  Import took 0.005121 seconds .

========================================================================
Received Import Request.
  Time since last request: 1.576533 seconds.
  path: Assets/Scripts/sample/bar1.cs
  artifactKey: Guid(ab4459fdfb01b5b44a5e51d8acf10249) Importer(815301076,1909f56bfc062723c751e8b465ee728b)
Start importing Assets/Scripts/sample/bar1.cs using Guid(ab4459fdfb01b5b44a5e51d8acf10249) Importer(815301076,1909f56bfc062723c751e8b465ee728b)  -> (artifact id: 'b99b9ec1c405b81012f65fd411b1576f') in 0.016738 seconds
  Import took 0.020638 seconds .

========================================================================
Received Prepare
Registering precompiled user dll's ...
Registered in 0.000931 seconds.
Begin MonoManager ReloadAssembly
Native extension for LinuxStandalone target not found
Native extension for WindowsStandalone target not found
Native extension for WebGL target not found
Refreshing native plugins compatible for Editor in 0.75 ms, found 0 plugins.
Preloading 0 native plugins for Editor in 0.00 ms.
Mono: successfully reloaded assembly
- Completed reload, in  2.023 seconds
Platform modules already initialized, skipping
Refreshing native plugins compatible for Editor in 0.47 ms, found 0 plugins.
Preloading 0 native plugins for Editor in 0.00 ms.
Unloading 1112 Unused Serialized files (Serialized files now loaded: 0)
System memory in use before: 59.9 MB.
System memory in use after: 60.0 MB.

Unloading 7 unused Assets to reduce memory usage. Loaded Objects now: 1566.
Total: 4.888300 ms (FindLiveObjects: 0.263000 ms CreateObjectMapping: 0.086900 ms MarkObjects: 4.418400 ms  DeleteObjects: 0.117700 ms)

========================================================================
Received Import Request.
  Time since last request: 65.758326 seconds.
  path: Assets/Scripts/sample/bar.cs
  artifactKey: Guid(7b330e73886c01f41828c6db1e1eabf0) Importer(815301076,1909f56bfc062723c751e8b465ee728b)
Start importing Assets/Scripts/sample/bar.cs using Guid(7b330e73886c01f41828c6db1e1eabf0) Importer(815301076,1909f56bfc062723c751e8b465ee728b)  -> (artifact id: 'ca6059bfadd9b64cef041e0a996eceb3') in 0.054056 seconds
  Import took 0.056867 seconds .

========================================================================
Received Prepare
Registering precompiled user dll's ...
Registered in 0.000780 seconds.
Begin MonoManager ReloadAssembly
Native extension for LinuxStandalone target not found
Native extension for WindowsStandalone target not found
Native extension for WebGL target not found
Refreshing native plugins compatible for Editor in 0.47 ms, found 0 plugins.
Preloading 0 native plugins for Editor in 0.00 ms.
Mono: successfully reloaded assembly
- Completed reload, in  1.881 seconds
Platform modules already initialized, skipping
Refreshing native plugins compatible for Editor in 0.36 ms, found 0 plugins.
Preloading 0 native plugins for Editor in 0.00 ms.
Unloading 1115 Unused Serialized files (Serialized files now loaded: 0)
System memory in use before: 60.0 MB.
System memory in use after: 60.1 MB.

Unloading 5 unused Assets to reduce memory usage. Loaded Objects now: 1572.
Total: 3.702700 ms (FindLiveObjects: 0.293700 ms CreateObjectMapping: 0.077100 ms MarkObjects: 3.242600 ms  DeleteObjects: 0.086800 ms)

========================================================================
Received Import Request.
  Time since last request: 86.423970 seconds.
  path: Assets/Scripts/sample/bar1.cs
  artifactKey: Guid(ab4459fdfb01b5b44a5e51d8acf10249) Importer(815301076,1909f56bfc062723c751e8b465ee728b)
Start importing Assets/Scripts/sample/bar1.cs using Guid(ab4459fdfb01b5b44a5e51d8acf10249) Importer(815301076,1909f56bfc062723c751e8b465ee728b)  -> (artifact id: '25417c703e7090454aa3bfa8859ce7d4') in 0.012257 seconds
  Import took 0.016698 seconds .

========================================================================
Received Import Request.
  Time since last request: 37.076532 seconds.
  path: Assets/Scripts/sample/bar2.cs
  artifactKey: Guid(1ed507af79681aa4b86ac70f8beaa432) Importer(815301076,1909f56bfc062723c751e8b465ee728b)
Start importing Assets/Scripts/sample/bar2.cs using Guid(1ed507af79681aa4b86ac70f8beaa432) Importer(815301076,1909f56bfc062723c751e8b465ee728b)  -> (artifact id: '223c27e16ccc7b6eec0f10fa5a9495b2') in 0.063751 seconds
  Import took 0.068647 seconds .

========================================================================
Received Prepare
Registering precompiled user dll's ...
Registered in 0.001789 seconds.
Begin MonoManager ReloadAssembly
Native extension for LinuxStandalone target not found
Native extension for WindowsStandalone target not found
Native extension for WebGL target not found
Refreshing native plugins compatible for Editor in 0.32 ms, found 0 plugins.
Preloading 0 native plugins for Editor in 0.00 ms.
Mono: successfully reloaded assembly
- Completed reload, in  1.510 seconds
Platform modules already initialized, skipping
Refreshing native plugins compatible for Editor in 0.72 ms, found 0 plugins.
Preloading 0 native plugins for Editor in 0.00 ms.
Unloading 1115 Unused Serialized files (Serialized files now loaded: 0)
System memory in use before: 60.0 MB.
System memory in use after: 60.1 MB.

Unloading 5 unused Assets to reduce memory usage. Loaded Objects now: 1575.
Total: 5.798300 ms (FindLiveObjects: 0.332600 ms CreateObjectMapping: 0.109500 ms MarkObjects: 5.198600 ms  DeleteObjects: 0.154200 ms)

========================================================================
Received Import Request.
  Time since last request: 63.373415 seconds.
  path: Assets/Scripts/sample/bar3.cs
  artifactKey: Guid(248a9e7fa12864b4db2c2552010f6f79) Importer(815301076,1909f56bfc062723c751e8b465ee728b)
Start importing Assets/Scripts/sample/bar3.cs using Guid(248a9e7fa12864b4db2c2552010f6f79) Importer(815301076,1909f56bfc062723c751e8b465ee728b)  -> (artifact id: '58b1cb80353e84f762e0e83c1f5f9413') in 0.043380 seconds
  Import took 0.052763 seconds .

========================================================================
Received Import Request.
  Time since last request: 32.412882 seconds.
  path: Assets/Scripts/sample/bar2.cs
  artifactKey: Guid(1ed507af79681aa4b86ac70f8beaa432) Importer(815301076,1909f56bfc062723c751e8b465ee728b)
Start importing Assets/Scripts/sample/bar2.cs using Guid(1ed507af79681aa4b86ac70f8beaa432) Importer(815301076,1909f56bfc062723c751e8b465ee728b)  -> (artifact id: '227c9d98b54cb71606865f59f9d0b712') in 0.008024 seconds
  Import took 0.012368 seconds .

========================================================================
Received Import Request.
  Time since last request: 4.917715 seconds.
  path: Assets/Scripts/sample/bar1.cs
  artifactKey: Guid(ab4459fdfb01b5b44a5e51d8acf10249) Importer(815301076,1909f56bfc062723c751e8b465ee728b)
Start importing Assets/Scripts/sample/bar1.cs using Guid(ab4459fdfb01b5b44a5e51d8acf10249) Importer(815301076,1909f56bfc062723c751e8b465ee728b)  -> (artifact id: '98b9e34adeee4e3d4af8c45b1599c31c') in 0.004590 seconds
  Import took 0.007846 seconds .

========================================================================
Received Prepare
Registering precompiled user dll's ...
Registered in 0.000817 seconds.
Begin MonoManager ReloadAssembly
Native extension for LinuxStandalone target not found
Native extension for WindowsStandalone target not found
Native extension for WebGL target not found
Refreshing native plugins compatible for Editor in 0.24 ms, found 0 plugins.
Preloading 0 native plugins for Editor in 0.00 ms.
Mono: successfully reloaded assembly
- Completed reload, in  1.813 seconds
Platform modules already initialized, skipping
Refreshing native plugins compatible for Editor in 0.25 ms, found 0 plugins.
Preloading 0 native plugins for Editor in 0.00 ms.
Unloading 1115 Unused Serialized files (Serialized files now loaded: 0)
System memory in use before: 60.0 MB.
System memory in use after: 60.1 MB.

Unloading 5 unused Assets to reduce memory usage. Loaded Objects now: 1578.
Total: 2.898500 ms (FindLiveObjects: 0.153500 ms CreateObjectMapping: 0.044100 ms MarkObjects: 2.638800 ms  DeleteObjects: 0.061100 ms)

========================================================================
Received Prepare
Registering precompiled user dll's ...
Registered in 0.001482 seconds.
Begin MonoManager ReloadAssembly
Native extension for LinuxStandalone target not found
Native extension for WindowsStandalone target not found
Native extension for WebGL target not found
Refreshing native plugins compatible for Editor in 0.26 ms, found 0 plugins.
Preloading 0 native plugins for Editor in 0.00 ms.
Mono: successfully reloaded assembly
- Completed reload, in  2.124 seconds
Platform modules already initialized, skipping
Refreshing native plugins compatible for Editor in 0.47 ms, found 0 plugins.
Preloading 0 native plugins for Editor in 0.00 ms.
Unloading 1115 Unused Serialized files (Serialized files now loaded: 0)
System memory in use before: 60.0 MB.
System memory in use after: 60.1 MB.

Unloading 5 unused Assets to reduce memory usage. Loaded Objects now: 1581.
Total: 6.347400 ms (FindLiveObjects: 0.293800 ms CreateObjectMapping: 0.096300 ms MarkObjects: 5.844900 ms  DeleteObjects: 0.109200 ms)

========================================================================
Received Prepare
Registering precompiled user dll's ...
Registered in 0.000793 seconds.
Begin MonoManager ReloadAssembly
Native extension for LinuxStandalone target not found
Native extension for WindowsStandalone target not found
Native extension for WebGL target not found
Refreshing native plugins compatible for Editor in 0.24 ms, found 0 plugins.
Preloading 0 native plugins for Editor in 0.00 ms.
Mono: successfully reloaded assembly
- Completed reload, in  1.113 seconds
Platform modules already initialized, skipping
Refreshing native plugins compatible for Editor in 0.23 ms, found 0 plugins.
Preloading 0 native plugins for Editor in 0.00 ms.
Unloading 1115 Unused Serialized files (Serialized files now loaded: 0)
System memory in use before: 60.0 MB.
System memory in use after: 60.1 MB.

Unloading 5 unused Assets to reduce memory usage. Loaded Objects now: 1584.
Total: 2.000800 ms (FindLiveObjects: 0.174100 ms CreateObjectMapping: 0.054000 ms MarkObjects: 1.710400 ms  DeleteObjects: 0.061100 ms)

========================================================================
Received Prepare
Registering precompiled user dll's ...
Registered in 0.003136 seconds.
Begin MonoManager ReloadAssembly
Native extension for LinuxStandalone target not found
Native extension for WindowsStandalone target not found
Native extension for WebGL target not found
Refreshing native plugins compatible for Editor in 0.56 ms, found 0 plugins.
Preloading 0 native plugins for Editor in 0.00 ms.
Mono: successfully reloaded assembly
- Completed reload, in  1.671 seconds
Platform modules already initialized, skipping
Refreshing native plugins compatible for Editor in 0.25 ms, found 0 plugins.
Preloading 0 native plugins for Editor in 0.00 ms.
Unloading 1115 Unused Serialized files (Serialized files now loaded: 0)
System memory in use before: 60.0 MB.
System memory in use after: 60.1 MB.

Unloading 5 unused Assets to reduce memory usage. Loaded Objects now: 1587.
Total: 2.093700 ms (FindLiveObjects: 0.145200 ms CreateObjectMapping: 0.045100 ms MarkObjects: 1.846900 ms  DeleteObjects: 0.055600 ms)

========================================================================
Received Prepare
Registering precompiled user dll's ...
Registered in 0.002734 seconds.
Begin MonoManager ReloadAssembly
Native extension for LinuxStandalone target not found
Native extension for WindowsStandalone target not found
Native extension for WebGL target not found
Refreshing native plugins compatible for Editor in 0.43 ms, found 0 plugins.
Preloading 0 native plugins for Editor in 0.00 ms.
Mono: successfully reloaded assembly
- Completed reload, in  2.333 seconds
Platform modules already initialized, skipping
Refreshing native plugins compatible for Editor in 0.41 ms, found 0 plugins.
Preloading 0 native plugins for Editor in 0.00 ms.
Unloading 1115 Unused Serialized files (Serialized files now loaded: 0)
System memory in use before: 60.1 MB.
System memory in use after: 60.1 MB.

Unloading 5 unused Assets to reduce memory usage. Loaded Objects now: 1590.
Total: 3.953200 ms (FindLiveObjects: 0.259800 ms CreateObjectMapping: 0.083800 ms MarkObjects: 3.495700 ms  DeleteObjects: 0.111100 ms)

========================================================================
Received Prepare
Registering precompiled user dll's ...
Registered in 0.002911 seconds.
Begin MonoManager ReloadAssembly
Native extension for LinuxStandalone target not found
Native extension for WindowsStandalone target not found
Native extension for WebGL target not found
Refreshing native plugins compatible for Editor in 0.41 ms, found 0 plugins.
Preloading 0 native plugins for Editor in 0.00 ms.
Mono: successfully reloaded assembly
- Completed reload, in  1.829 seconds
Platform modules already initialized, skipping
Refreshing native plugins compatible for Editor in 0.24 ms, found 0 plugins.
Preloading 0 native plugins for Editor in 0.00 ms.
Unloading 1115 Unused Serialized files (Serialized files now loaded: 0)
System memory in use before: 60.1 MB.
System memory in use after: 60.1 MB.

Unloading 5 unused Assets to reduce memory usage. Loaded Objects now: 1593.
Total: 3.351200 ms (FindLiveObjects: 0.234200 ms CreateObjectMapping: 0.066100 ms MarkObjects: 2.954200 ms  DeleteObjects: 0.093300 ms)

========================================================================
Received Prepare
Registering precompiled user dll's ...
Registered in 0.002120 seconds.
Begin MonoManager ReloadAssembly
Native extension for LinuxStandalone target not found
Native extension for WindowsStandalone target not found
Native extension for WebGL target not found
Refreshing native plugins compatible for Editor in 0.35 ms, found 0 plugins.
Preloading 0 native plugins for Editor in 0.00 ms.
Mono: successfully reloaded assembly
- Completed reload, in  1.701 seconds
Platform modules already initialized, skipping
Refreshing native plugins compatible for Editor in 0.26 ms, found 0 plugins.
Preloading 0 native plugins for Editor in 0.00 ms.
Unloading 1115 Unused Serialized files (Serialized files now loaded: 0)
System memory in use before: 60.1 MB.
System memory in use after: 60.1 MB.

Unloading 5 unused Assets to reduce memory usage. Loaded Objects now: 1596.
Total: 2.469200 ms (FindLiveObjects: 0.170300 ms CreateObjectMapping: 0.042800 ms MarkObjects: 2.165600 ms  DeleteObjects: 0.088400 ms)

========================================================================
Received Import Request.
  Time since last request: 85666.829114 seconds.
  path: Assets/Scripts/sample/sample_game.cs
  artifactKey: Guid(3c6c9e70ee1dbb04792a05e0f883b8c8) Importer(815301076,1909f56bfc062723c751e8b465ee728b)
Start importing Assets/Scripts/sample/sample_game.cs using Guid(3c6c9e70ee1dbb04792a05e0f883b8c8) Importer(815301076,1909f56bfc062723c751e8b465ee728b)  -> (artifact id: 'c982493db52a21d0a199ee4ac18e0177') in 0.012436 seconds
  Import took 0.015950 seconds .

========================================================================
Received Prepare
Registering precompiled user dll's ...
Registered in 0.000957 seconds.
Begin MonoManager ReloadAssembly
Native extension for LinuxStandalone target not found
Native extension for WindowsStandalone target not found
Native extension for WebGL target not found
Refreshing native plugins compatible for Editor in 0.50 ms, found 0 plugins.
Preloading 0 native plugins for Editor in 0.00 ms.
Mono: successfully reloaded assembly
- Completed reload, in  1.212 seconds
Platform modules already initialized, skipping
Refreshing native plugins compatible for Editor in 0.42 ms, found 0 plugins.
Preloading 0 native plugins for Editor in 0.00 ms.
Unloading 1115 Unused Serialized files (Serialized files now loaded: 0)
System memory in use before: 60.1 MB.
System memory in use after: 60.1 MB.

Unloading 5 unused Assets to reduce memory usage. Loaded Objects now: 1599.
Total: 3.514200 ms (FindLiveObjects: 0.150700 ms CreateObjectMapping: 0.029000 ms MarkObjects: 2.877900 ms  DeleteObjects: 0.454700 ms)

========================================================================
Received Prepare
Registering precompiled user dll's ...
Registered in 0.000823 seconds.
Begin MonoManager ReloadAssembly
Native extension for LinuxStandalone target not found
Native extension for WindowsStandalone target not found
Native extension for WebGL target not found
Refreshing native plugins compatible for Editor in 0.27 ms, found 0 plugins.
Preloading 0 native plugins for Editor in 0.00 ms.
Mono: successfully reloaded assembly
- Completed reload, in  1.305 seconds
Platform modules already initialized, skipping
Refreshing native plugins compatible for Editor in 0.26 ms, found 0 plugins.
Preloading 0 native plugins for Editor in 0.00 ms.
Unloading 1115 Unused Serialized files (Serialized files now loaded: 0)
System memory in use before: 60.1 MB.
System memory in use after: 60.1 MB.

Unloading 5 unused Assets to reduce memory usage. Loaded Objects now: 1602.
Total: 2.709600 ms (FindLiveObjects: 0.171900 ms CreateObjectMapping: 0.059600 ms MarkObjects: 2.408300 ms  DeleteObjects: 0.067500 ms)

========================================================================
Received Prepare
Registering precompiled user dll's ...
Registered in 0.000841 seconds.
Begin MonoManager ReloadAssembly
Native extension for LinuxStandalone target not found
Native extension for WindowsStandalone target not found
Native extension for WebGL target not found
Refreshing native plugins compatible for Editor in 0.25 ms, found 0 plugins.
Preloading 0 native plugins for Editor in 0.00 ms.
Mono: successfully reloaded assembly
- Completed reload, in  1.014 seconds
Platform modules already initialized, skipping
Refreshing native plugins compatible for Editor in 0.22 ms, found 0 plugins.
Preloading 0 native plugins for Editor in 0.00 ms.
Unloading 1115 Unused Serialized files (Serialized files now loaded: 0)
System memory in use before: 60.1 MB.
System memory in use after: 60.2 MB.

Unloading 5 unused Assets to reduce memory usage. Loaded Objects now: 1605.
Total: 2.166800 ms (FindLiveObjects: 0.151100 ms CreateObjectMapping: 0.031900 ms MarkObjects: 1.936200 ms  DeleteObjects: 0.046600 ms)

========================================================================
Received Import Request.
  Time since last request: 82653.899109 seconds.
  path: Assets/Scripts/sample/sample_game.cs
  artifactKey: Guid(3c6c9e70ee1dbb04792a05e0f883b8c8) Importer(815301076,1909f56bfc062723c751e8b465ee728b)
Start importing Assets/Scripts/sample/sample_game.cs using Guid(3c6c9e70ee1dbb04792a05e0f883b8c8) Importer(815301076,1909f56bfc062723c751e8b465ee728b)  -> (artifact id: '403ba446a26adf0105a847517e3fb1eb') in 0.026053 seconds
  Import took 0.031699 seconds .

========================================================================
Received Prepare
Registering precompiled user dll's ...
Registered in 0.000792 seconds.
Begin MonoManager ReloadAssembly
Native extension for LinuxStandalone target not found
Native extension for WindowsStandalone target not found
Native extension for WebGL target not found
Refreshing native plugins compatible for Editor in 0.37 ms, found 0 plugins.
Preloading 0 native plugins for Editor in 0.00 ms.
Mono: successfully reloaded assembly
- Completed reload, in  1.518 seconds
Platform modules already initialized, skipping
Refreshing native plugins compatible for Editor in 0.20 ms, found 0 plugins.
Preloading 0 native plugins for Editor in 0.00 ms.
Unloading 1115 Unused Serialized files (Serialized files now loaded: 0)
System memory in use before: 60.1 MB.
System memory in use after: 60.2 MB.

Unloading 5 unused Assets to reduce memory usage. Loaded Objects now: 1608.
Total: 1.801800 ms (FindLiveObjects: 0.150200 ms CreateObjectMapping: 0.040400 ms MarkObjects: 1.555000 ms  DeleteObjects: 0.054800 ms)

========================================================================
Received Import Request.
  Time since last request: 720.962440 seconds.
  path: Assets/Scripts/sample/sample_game.cs
  artifactKey: Guid(3c6c9e70ee1dbb04792a05e0f883b8c8) Importer(815301076,1909f56bfc062723c751e8b465ee728b)
Start importing Assets/Scripts/sample/sample_game.cs using Guid(3c6c9e70ee1dbb04792a05e0f883b8c8) Importer(815301076,1909f56bfc062723c751e8b465ee728b)  -> (artifact id: 'c1ad4b4d40f5bb2950f6328dd4e80909') in 0.008020 seconds
  Import took 0.010930 seconds .

========================================================================
Received Import Request.
  Time since last request: 1.889934 seconds.
  path: Assets/Scripts/sample/sample_game.cs
  artifactKey: Guid(3c6c9e70ee1dbb04792a05e0f883b8c8) Importer(815301076,1909f56bfc062723c751e8b465ee728b)
Start importing Assets/Scripts/sample/sample_game.cs using Guid(3c6c9e70ee1dbb04792a05e0f883b8c8) Importer(815301076,1909f56bfc062723c751e8b465ee728b)  -> (artifact id: 'c1ad4b4d40f5bb2950f6328dd4e80909') in 0.003405 seconds
  Import took 0.048745 seconds .

========================================================================
Received Prepare
Registering precompiled user dll's ...
Registered in 0.001142 seconds.
Begin MonoManager ReloadAssembly
Native extension for LinuxStandalone target not found
Native extension for WindowsStandalone target not found
Native extension for WebGL target not found
Refreshing native plugins compatible for Editor in 0.37 ms, found 0 plugins.
Preloading 0 native plugins for Editor in 0.00 ms.
Mono: successfully reloaded assembly
- Completed reload, in  1.392 seconds
Platform modules already initialized, skipping
Refreshing native plugins compatible for Editor in 0.23 ms, found 0 plugins.
Preloading 0 native plugins for Editor in 0.00 ms.
Unloading 1115 Unused Serialized files (Serialized files now loaded: 0)
System memory in use before: 60.1 MB.
System memory in use after: 60.2 MB.

Unloading 5 unused Assets to reduce memory usage. Loaded Objects now: 1611.
Total: 1.984200 ms (FindLiveObjects: 0.128900 ms CreateObjectMapping: 0.037900 ms MarkObjects: 1.766500 ms  DeleteObjects: 0.050200 ms)

========================================================================
Received Import Request.
  Time since last request: 65.416582 seconds.
  path: Assets/Scripts/sample/sample_game.cs
  artifactKey: Guid(3c6c9e70ee1dbb04792a05e0f883b8c8) Importer(815301076,1909f56bfc062723c751e8b465ee728b)
Start importing Assets/Scripts/sample/sample_game.cs using Guid(3c6c9e70ee1dbb04792a05e0f883b8c8) Importer(815301076,1909f56bfc062723c751e8b465ee728b)  -> (artifact id: '6c46526039f6cea035b9759cd41b104c') in 0.005751 seconds
  Import took 0.011881 seconds .

========================================================================
Received Import Request.
  Time since last request: 1.768473 seconds.
  path: Assets/Scripts/sample/sample_game.cs
  artifactKey: Guid(3c6c9e70ee1dbb04792a05e0f883b8c8) Importer(815301076,1909f56bfc062723c751e8b465ee728b)
Start importing Assets/Scripts/sample/sample_game.cs using Guid(3c6c9e70ee1dbb04792a05e0f883b8c8) Importer(815301076,1909f56bfc062723c751e8b465ee728b)  -> (artifact id: '6c46526039f6cea035b9759cd41b104c') in 0.003662 seconds
  Import took 0.006003 seconds .

========================================================================
Received Prepare
Registering precompiled user dll's ...
Registered in 0.002295 seconds.
Begin MonoManager ReloadAssembly
Native extension for LinuxStandalone target not found
Native extension for WindowsStandalone target not found
Native extension for WebGL target not found
Refreshing native plugins compatible for Editor in 0.27 ms, found 0 plugins.
Preloading 0 native plugins for Editor in 0.00 ms.
Mono: successfully reloaded assembly
- Completed reload, in  1.216 seconds
Platform modules already initialized, skipping
Refreshing native plugins compatible for Editor in 0.20 ms, found 0 plugins.
Preloading 0 native plugins for Editor in 0.00 ms.
Unloading 1115 Unused Serialized files (Serialized files now loaded: 0)
System memory in use before: 60.1 MB.
System memory in use after: 60.2 MB.

Unloading 5 unused Assets to reduce memory usage. Loaded Objects now: 1614.
Total: 2.439800 ms (FindLiveObjects: 0.135900 ms CreateObjectMapping: 0.033100 ms MarkObjects: 2.002100 ms  DeleteObjects: 0.267400 ms)

========================================================================
Received Prepare
Registering precompiled user dll's ...
Registered in 0.000889 seconds.
Begin MonoManager ReloadAssembly
Native extension for LinuxStandalone target not found
Native extension for WindowsStandalone target not found
Native extension for WebGL target not found
Refreshing native plugins compatible for Editor in 0.22 ms, found 0 plugins.
Preloading 0 native plugins for Editor in 0.00 ms.
Mono: successfully reloaded assembly
- Completed reload, in  0.992 seconds
Platform modules already initialized, skipping
Refreshing native plugins compatible for Editor in 0.32 ms, found 0 plugins.
Preloading 0 native plugins for Editor in 0.00 ms.
Unloading 1115 Unused Serialized files (Serialized files now loaded: 0)
System memory in use before: 60.1 MB.
System memory in use after: 60.2 MB.

Unloading 5 unused Assets to reduce memory usage. Loaded Objects now: 1617.
Total: 2.549500 ms (FindLiveObjects: 0.109000 ms CreateObjectMapping: 0.050900 ms MarkObjects: 2.312900 ms  DeleteObjects: 0.075700 ms)

========================================================================
Received Import Request.
  Time since last request: 26561.826577 seconds.
  path: Assets/Scripts/sample/sample_game.cs
  artifactKey: Guid(3c6c9e70ee1dbb04792a05e0f883b8c8) Importer(815301076,1909f56bfc062723c751e8b465ee728b)
Start importing Assets/Scripts/sample/sample_game.cs using Guid(3c6c9e70ee1dbb04792a05e0f883b8c8) Importer(815301076,1909f56bfc062723c751e8b465ee728b)  -> (artifact id: 'f6c30410bf41540d5c35840366fae3e3') in 0.017078 seconds
  Import took 0.020821 seconds .

========================================================================
Received Prepare
Registering precompiled user dll's ...
Registered in 0.102000 seconds.
